mode: set
github.com/Ulbora/ulboracms/handlers/adminContentHandler.go:11.78,14.9 3 1
github.com/Ulbora/ulboracms/handlers/adminContentHandler.go:14.9,17.27 3 1
github.com/Ulbora/ulboracms/handlers/adminContentHandler.go:17.27,21.4 3 1
github.com/Ulbora/ulboracms/handlers/adminContentHandler.go:21.9,23.4 1 1
github.com/Ulbora/ulboracms/handlers/adminContentHandler.go:28.78,31.9 3 1
github.com/Ulbora/ulboracms/handlers/adminContentHandler.go:31.9,34.27 3 1
github.com/Ulbora/ulboracms/handlers/adminContentHandler.go:34.27,61.19 21 1
github.com/Ulbora/ulboracms/handlers/adminContentHandler.go:61.19,63.5 1 1
github.com/Ulbora/ulboracms/handlers/adminContentHandler.go:63.10,65.5 1 1
github.com/Ulbora/ulboracms/handlers/adminContentHandler.go:66.9,68.4 1 1
github.com/Ulbora/ulboracms/handlers/adminContentHandler.go:73.81,76.9 3 1
github.com/Ulbora/ulboracms/handlers/adminContentHandler.go:76.9,79.27 3 1
github.com/Ulbora/ulboracms/handlers/adminContentHandler.go:79.27,111.25 24 1
github.com/Ulbora/ulboracms/handlers/adminContentHandler.go:117.4,117.23 1 1
github.com/Ulbora/ulboracms/handlers/adminContentHandler.go:123.4,124.19 2 1
github.com/Ulbora/ulboracms/handlers/adminContentHandler.go:111.25,113.5 1 1
github.com/Ulbora/ulboracms/handlers/adminContentHandler.go:113.10,115.5 1 1
github.com/Ulbora/ulboracms/handlers/adminContentHandler.go:117.23,119.5 1 1
github.com/Ulbora/ulboracms/handlers/adminContentHandler.go:119.10,121.5 1 1
github.com/Ulbora/ulboracms/handlers/adminContentHandler.go:124.19,126.5 1 1
github.com/Ulbora/ulboracms/handlers/adminContentHandler.go:126.10,129.5 1 1
github.com/Ulbora/ulboracms/handlers/adminContentHandler.go:131.9,133.4 1 1
github.com/Ulbora/ulboracms/handlers/adminContentHandler.go:138.78,141.9 3 1
github.com/Ulbora/ulboracms/handlers/adminContentHandler.go:141.9,144.27 3 1
github.com/Ulbora/ulboracms/handlers/adminContentHandler.go:144.27,158.4 11 1
github.com/Ulbora/ulboracms/handlers/adminContentHandler.go:158.9,160.4 1 1
github.com/Ulbora/ulboracms/handlers/adminContentHandler.go:165.81,168.9 3 1
github.com/Ulbora/ulboracms/handlers/adminContentHandler.go:168.9,171.27 3 1
github.com/Ulbora/ulboracms/handlers/adminContentHandler.go:171.27,180.4 5 1
github.com/Ulbora/ulboracms/handlers/adminContentHandler.go:180.9,182.4 1 1
github.com/Ulbora/ulboracms/handlers/adminIndexHandler.go:6.73,9.9 3 1
github.com/Ulbora/ulboracms/handlers/adminIndexHandler.go:9.9,12.27 3 1
github.com/Ulbora/ulboracms/handlers/adminIndexHandler.go:12.27,17.4 4 1
github.com/Ulbora/ulboracms/handlers/adminIndexHandler.go:17.9,19.4 1 1
github.com/Ulbora/ulboracms/handlers/adminTemplateHandler.go:6.80,9.9 3 1
github.com/Ulbora/ulboracms/handlers/adminTemplateHandler.go:9.9,12.27 3 1
github.com/Ulbora/ulboracms/handlers/adminTemplateHandler.go:12.27,17.4 4 1
github.com/Ulbora/ulboracms/handlers/adminTemplateHandler.go:17.9,19.4 1 1
github.com/Ulbora/ulboracms/handlers/adminTemplateHandler.go:24.79,27.9 3 1
github.com/Ulbora/ulboracms/handlers/adminTemplateHandler.go:27.9,30.27 3 1
github.com/Ulbora/ulboracms/handlers/adminTemplateHandler.go:30.27,33.4 2 1
github.com/Ulbora/ulboracms/handlers/adminTemplateHandler.go:33.9,35.4 1 1
github.com/Ulbora/ulboracms/handlers/contactFormHandler.go:16.74,21.2 4 1
github.com/Ulbora/ulboracms/handlers/contactFormHandler.go:24.78,36.25 9 1
github.com/Ulbora/ulboracms/handlers/contactFormHandler.go:62.2,62.13 1 1
github.com/Ulbora/ulboracms/handlers/contactFormHandler.go:74.2,74.50 1 1
github.com/Ulbora/ulboracms/handlers/contactFormHandler.go:36.25,41.27 3 1
github.com/Ulbora/ulboracms/handlers/contactFormHandler.go:49.3,57.18 8 1
github.com/Ulbora/ulboracms/handlers/contactFormHandler.go:60.3,60.47 1 1
github.com/Ulbora/ulboracms/handlers/contactFormHandler.go:41.27,42.65 1 1
github.com/Ulbora/ulboracms/handlers/contactFormHandler.go:42.65,43.30 1 1
github.com/Ulbora/ulboracms/handlers/contactFormHandler.go:43.30,45.11 2 1
github.com/Ulbora/ulboracms/handlers/contactFormHandler.go:57.18,59.4 1 1
github.com/Ulbora/ulboracms/handlers/contactFormHandler.go:62.13,73.3 9 1
github.com/Ulbora/ulboracms/handlers/handler.go:88.39,92.2 3 1
github.com/Ulbora/ulboracms/handlers/handler.go:94.76,98.20 3 1
github.com/Ulbora/ulboracms/handlers/handler.go:104.2,104.14 1 1
github.com/Ulbora/ulboracms/handlers/handler.go:132.2,132.18 1 1
github.com/Ulbora/ulboracms/handlers/handler.go:98.20,103.3 3 1
github.com/Ulbora/ulboracms/handlers/handler.go:104.14,126.17 5 1
github.com/Ulbora/ulboracms/handlers/handler.go:126.17,129.4 2 1
github.com/Ulbora/ulboracms/handlers/imageHandler.go:11.76,14.9 3 1
github.com/Ulbora/ulboracms/handlers/imageHandler.go:14.9,17.27 3 1
github.com/Ulbora/ulboracms/handlers/imageHandler.go:17.27,21.4 1 1
github.com/Ulbora/ulboracms/handlers/imageHandler.go:21.9,23.4 1 1
github.com/Ulbora/ulboracms/handlers/imageHandler.go:28.79,31.9 3 1
github.com/Ulbora/ulboracms/handlers/imageHandler.go:31.9,34.27 3 1
github.com/Ulbora/ulboracms/handlers/imageHandler.go:34.27,51.11 12 1
github.com/Ulbora/ulboracms/handlers/imageHandler.go:51.11,53.5 1 1
github.com/Ulbora/ulboracms/handlers/imageHandler.go:53.10,56.5 2 1
github.com/Ulbora/ulboracms/handlers/imageHandler.go:57.9,59.4 1 1
github.com/Ulbora/ulboracms/handlers/imageHandler.go:64.77,67.9 3 1
github.com/Ulbora/ulboracms/handlers/imageHandler.go:67.9,70.27 3 1
github.com/Ulbora/ulboracms/handlers/imageHandler.go:70.27,74.4 3 1
github.com/Ulbora/ulboracms/handlers/imageHandler.go:74.9,76.4 1 1
github.com/Ulbora/ulboracms/handlers/imageHandler.go:81.79,84.9 3 1
github.com/Ulbora/ulboracms/handlers/imageHandler.go:84.9,87.27 3 1
github.com/Ulbora/ulboracms/handlers/imageHandler.go:87.27,96.4 5 1
github.com/Ulbora/ulboracms/handlers/imageHandler.go:96.9,98.4 1 1
github.com/Ulbora/ulboracms/handlers/loginHandler.go:11.68,16.2 4 1
github.com/Ulbora/ulboracms/handlers/loginHandler.go:19.72,23.9 3 1
github.com/Ulbora/ulboracms/handlers/loginHandler.go:23.9,42.65 6 1
github.com/Ulbora/ulboracms/handlers/loginHandler.go:51.3,52.15 2 1
github.com/Ulbora/ulboracms/handlers/loginHandler.go:42.65,45.4 2 1
github.com/Ulbora/ulboracms/handlers/loginHandler.go:52.15,71.4 4 1
github.com/Ulbora/ulboracms/handlers/loginHandler.go:71.9,73.4 1 1
github.com/Ulbora/ulboracms/handlers/loginHandler.go:78.8,80.3 1 1
github.com/Ulbora/ulboracms/handlers/loginHandler.go:84.69,87.9 3 1
github.com/Ulbora/ulboracms/handlers/loginHandler.go:87.9,90.3 2 1
