mode: set
github.com/Ulbora/ulboracms/services/backupService.go:38.53,44.16 6 1
github.com/Ulbora/ulboracms/services/backupService.go:44.16,58.46 11 1
github.com/Ulbora/ulboracms/services/backupService.go:58.46,63.4 4 1
github.com/Ulbora/ulboracms/services/backupService.go:65.3,71.47 4 1
github.com/Ulbora/ulboracms/services/backupService.go:71.47,76.4 4 1
github.com/Ulbora/ulboracms/services/backupService.go:78.3,84.39 4 1
github.com/Ulbora/ulboracms/services/backupService.go:84.39,89.4 4 1
github.com/Ulbora/ulboracms/services/backupService.go:92.3,99.7 7 1
github.com/Ulbora/ulboracms/services/backupService.go:99.7,102.21 3 1
github.com/Ulbora/ulboracms/services/backupService.go:102.21,103.10 1 1
github.com/Ulbora/ulboracms/services/backupService.go:105.4,109.21 5 1
github.com/Ulbora/ulboracms/services/backupService.go:111.3,111.13 1 1
github.com/Ulbora/ulboracms/services/backupService.go:113.2,113.12 1 1
github.com/Ulbora/ulboracms/services/backupService.go:117.56,124.16 5 1
github.com/Ulbora/ulboracms/services/backupService.go:124.16,125.34 1 1
github.com/Ulbora/ulboracms/services/backupService.go:125.34,126.22 1 1
github.com/Ulbora/ulboracms/services/backupService.go:126.22,130.20 3 1
github.com/Ulbora/ulboracms/services/backupService.go:130.20,136.6 5 1
github.com/Ulbora/ulboracms/services/backupService.go:140.3,140.43 1 1
github.com/Ulbora/ulboracms/services/backupService.go:144.2,146.16 3 1
github.com/Ulbora/ulboracms/services/backupService.go:146.16,147.35 1 1
github.com/Ulbora/ulboracms/services/backupService.go:147.35,148.22 1 1
github.com/Ulbora/ulboracms/services/backupService.go:148.22,152.20 4 1
github.com/Ulbora/ulboracms/services/backupService.go:152.20,158.6 5 1
github.com/Ulbora/ulboracms/services/backupService.go:161.3,162.48 2 1
github.com/Ulbora/ulboracms/services/backupService.go:166.2,168.16 3 1
github.com/Ulbora/ulboracms/services/backupService.go:168.16,170.34 2 1
github.com/Ulbora/ulboracms/services/backupService.go:170.34,171.22 1 1
github.com/Ulbora/ulboracms/services/backupService.go:171.22,174.20 3 1
github.com/Ulbora/ulboracms/services/backupService.go:174.20,180.6 5 1
github.com/Ulbora/ulboracms/services/backupService.go:183.3,183.32 1 1
github.com/Ulbora/ulboracms/services/backupService.go:187.2,193.16 6 1
github.com/Ulbora/ulboracms/services/backupService.go:193.16,194.30 1 1
github.com/Ulbora/ulboracms/services/backupService.go:194.30,195.20 1 1
github.com/Ulbora/ulboracms/services/backupService.go:195.20,199.5 3 1
github.com/Ulbora/ulboracms/services/backupService.go:201.3,201.13 1 1
github.com/Ulbora/ulboracms/services/backupService.go:203.2,218.16 12 1
github.com/Ulbora/ulboracms/services/backupService.go:218.16,221.3 2 1
github.com/Ulbora/ulboracms/services/backupService.go:223.2,226.29 2 1
github.com/Ulbora/ulboracms/services/backupService.go:229.59,231.72 1 1
github.com/Ulbora/ulboracms/services/backupService.go:231.72,236.18 5 1
github.com/Ulbora/ulboracms/services/backupService.go:236.18,240.20 4 1
github.com/Ulbora/ulboracms/services/backupService.go:240.20,241.20 1 1
github.com/Ulbora/ulboracms/services/backupService.go:241.20,244.21 3 1
github.com/Ulbora/ulboracms/services/backupService.go:244.21,247.7 2 1
github.com/Ulbora/ulboracms/services/backupService.go:251.3,251.14 1 1
github.com/Ulbora/ulboracms/services/contentService.go:52.61,59.16 6 1
github.com/Ulbora/ulboracms/services/contentService.go:59.16,63.3 3 1
github.com/Ulbora/ulboracms/services/contentService.go:63.8,65.3 1 1
github.com/Ulbora/ulboracms/services/contentService.go:66.2,66.12 1 1
github.com/Ulbora/ulboracms/services/contentService.go:70.64,75.16 5 1
github.com/Ulbora/ulboracms/services/contentService.go:75.16,79.17 4 1
github.com/Ulbora/ulboracms/services/contentService.go:79.17,96.4 16 1
github.com/Ulbora/ulboracms/services/contentService.go:97.8,99.3 1 1
github.com/Ulbora/ulboracms/services/contentService.go:100.2,100.12 1 1
github.com/Ulbora/ulboracms/services/contentService.go:104.63,108.16 4 1
github.com/Ulbora/ulboracms/services/contentService.go:108.16,111.17 3 1
github.com/Ulbora/ulboracms/services/contentService.go:111.17,113.19 2 1
github.com/Ulbora/ulboracms/services/contentService.go:113.19,116.36 3 1
github.com/Ulbora/ulboracms/services/contentService.go:116.36,118.6 1 1
github.com/Ulbora/ulboracms/services/contentService.go:119.5,125.15 4 1
github.com/Ulbora/ulboracms/services/contentService.go:129.2,129.18 1 1
github.com/Ulbora/ulboracms/services/contentService.go:133.64,137.22 3 1
github.com/Ulbora/ulboracms/services/contentService.go:137.22,141.17 4 1
github.com/Ulbora/ulboracms/services/contentService.go:141.17,142.32 1 1
github.com/Ulbora/ulboracms/services/contentService.go:142.32,143.13 1 1
github.com/Ulbora/ulboracms/services/contentService.go:144.10,147.20 3 1
github.com/Ulbora/ulboracms/services/contentService.go:147.20,150.37 3 1
github.com/Ulbora/ulboracms/services/contentService.go:150.37,152.7 1 1
github.com/Ulbora/ulboracms/services/contentService.go:153.6,154.27 2 1
github.com/Ulbora/ulboracms/services/contentService.go:159.2,159.13 1 1
github.com/Ulbora/ulboracms/services/contentService.go:163.59,166.9 3 1
github.com/Ulbora/ulboracms/services/contentService.go:166.9,169.3 2 1
github.com/Ulbora/ulboracms/services/contentService.go:170.2,170.12 1 1
github.com/Ulbora/ulboracms/services/contentService.go:174.33,177.34 3 1
github.com/Ulbora/ulboracms/services/contentService.go:177.34,182.10 5 1
github.com/Ulbora/ulboracms/services/contentService.go:182.10,187.4 4 1
github.com/Ulbora/ulboracms/services/contentService.go:189.2,189.16 1 1
github.com/Ulbora/ulboracms/services/contentService.go:193.33,196.30 3 1
github.com/Ulbora/ulboracms/services/contentService.go:196.30,198.3 1 1
github.com/Ulbora/ulboracms/services/imageService.go:18.66,26.16 8 1
github.com/Ulbora/ulboracms/services/imageService.go:26.16,28.3 1 1
github.com/Ulbora/ulboracms/services/imageService.go:29.2,29.12 1 1
github.com/Ulbora/ulboracms/services/imageService.go:33.46,36.16 3 1
github.com/Ulbora/ulboracms/services/imageService.go:36.16,37.32 1 1
github.com/Ulbora/ulboracms/services/imageService.go:37.32,38.22 1 1
github.com/Ulbora/ulboracms/services/imageService.go:38.22,45.5 5 1
github.com/Ulbora/ulboracms/services/imageService.go:48.2,48.13 1 1
github.com/Ulbora/ulboracms/services/imageService.go:52.60,54.2 1 1
github.com/Ulbora/ulboracms/services/imageService.go:57.52,64.17 7 1
github.com/Ulbora/ulboracms/services/imageService.go:64.17,66.3 1 1
github.com/Ulbora/ulboracms/services/imageService.go:67.2,67.12 1 1
github.com/Ulbora/ulboracms/services/mailService.go:6.55,12.2 5 1
github.com/Ulbora/ulboracms/services/reCaptcha.go:26.68,28.19 2 1
github.com/Ulbora/ulboracms/services/reCaptcha.go:28.19,32.3 2 1
github.com/Ulbora/ulboracms/services/reCaptcha.go:32.8,36.18 3 1
github.com/Ulbora/ulboracms/services/reCaptcha.go:36.18,39.4 2 1
github.com/Ulbora/ulboracms/services/reCaptcha.go:41.2,42.12 2 1
github.com/Ulbora/ulboracms/services/reCaptcha.go:45.81,51.17 6 1
github.com/Ulbora/ulboracms/services/reCaptcha.go:51.17,56.3 4 1
github.com/Ulbora/ulboracms/services/reCaptcha.go:56.8,58.3 1 1
github.com/Ulbora/ulboracms/services/reCaptcha.go:59.2,60.13 2 1
github.com/Ulbora/ulboracms/services/reCaptcha.go:63.81,66.17 3 1
github.com/Ulbora/ulboracms/services/reCaptcha.go:66.17,69.17 3 1
github.com/Ulbora/ulboracms/services/reCaptcha.go:69.17,72.4 2 1
github.com/Ulbora/ulboracms/services/reCaptcha.go:73.3,73.17 1 1
github.com/Ulbora/ulboracms/services/reCaptcha.go:73.17,75.4 1 1
github.com/Ulbora/ulboracms/services/reCaptcha.go:76.8,78.3 1 1
github.com/Ulbora/ulboracms/services/reCaptcha.go:79.2,80.12 2 1
github.com/Ulbora/ulboracms/services/service.go:73.39,78.2 4 1
github.com/Ulbora/ulboracms/services/service.go:80.89,84.20 4 1
github.com/Ulbora/ulboracms/services/service.go:85.19,89.12 4 1
github.com/Ulbora/ulboracms/services/service.go:90.19,95.18 5 1
github.com/Ulbora/ulboracms/services/service.go:95.18,100.19 5 1
github.com/Ulbora/ulboracms/services/service.go:100.19,106.5 5 1
github.com/Ulbora/ulboracms/services/service.go:109.2,109.12 1 1
github.com/Ulbora/ulboracms/services/templateFileService.go:20.56,23.12 3 1
github.com/Ulbora/ulboracms/services/templateFileService.go:23.12,27.18 4 1
github.com/Ulbora/ulboracms/services/templateFileService.go:27.18,30.19 3 1
github.com/Ulbora/ulboracms/services/templateFileService.go:30.19,34.21 4 1
github.com/Ulbora/ulboracms/services/templateFileService.go:34.21,38.22 4 1
github.com/Ulbora/ulboracms/services/templateFileService.go:38.22,40.11 2 1
github.com/Ulbora/ulboracms/services/templateFileService.go:40.11,43.25 3 1
github.com/Ulbora/ulboracms/services/templateFileService.go:43.25,44.14 1 1
github.com/Ulbora/ulboracms/services/templateFileService.go:46.8,49.69 4 1
github.com/Ulbora/ulboracms/services/templateFileService.go:52.6,56.21 5 1
github.com/Ulbora/ulboracms/services/templateFileService.go:56.21,58.7 1 1
github.com/Ulbora/ulboracms/services/templateFileService.go:63.2,63.12 1 1
github.com/Ulbora/ulboracms/services/templateFileService.go:67.62,72.16 5 1
github.com/Ulbora/ulboracms/services/templateFileService.go:72.16,74.3 1 1
github.com/Ulbora/ulboracms/services/templateFileService.go:75.2,75.12 1 1
github.com/Ulbora/ulboracms/services/templateService.go:19.98,34.2 10 1
github.com/Ulbora/ulboracms/services/templateService.go:37.54,40.34 3 1
github.com/Ulbora/ulboracms/services/templateService.go:40.34,44.19 4 1
github.com/Ulbora/ulboracms/services/templateService.go:44.19,47.4 2 1
github.com/Ulbora/ulboracms/services/templateService.go:49.2,49.12 1 1
github.com/Ulbora/ulboracms/services/templateService.go:53.53,57.22 3 1
github.com/Ulbora/ulboracms/services/templateService.go:57.22,61.29 4 1
github.com/Ulbora/ulboracms/services/templateService.go:61.29,63.9 2 1
github.com/Ulbora/ulboracms/services/templateService.go:66.2,66.12 1 1
github.com/Ulbora/ulboracms/services/templateService.go:70.52,74.22 3 1
github.com/Ulbora/ulboracms/services/templateService.go:74.22,78.17 4 1
github.com/Ulbora/ulboracms/services/templateService.go:78.17,81.4 2 1
github.com/Ulbora/ulboracms/services/templateService.go:83.2,83.13 1 1
github.com/Ulbora/ulboracms/services/templateService.go:87.57,91.22 3 1
github.com/Ulbora/ulboracms/services/templateService.go:91.22,95.17 4 1
github.com/Ulbora/ulboracms/services/templateService.go:95.17,98.4 2 1
github.com/Ulbora/ulboracms/services/templateService.go:100.2,101.18 2 1
github.com/Ulbora/ulboracms/services/templateService.go:101.18,105.17 4 1
github.com/Ulbora/ulboracms/services/templateService.go:105.17,109.4 3 1
github.com/Ulbora/ulboracms/services/templateService.go:111.2,111.12 1 1
github.com/Ulbora/ulboracms/services/templateService.go:115.55,118.19 3 1
github.com/Ulbora/ulboracms/services/templateService.go:118.19,122.17 4 1
github.com/Ulbora/ulboracms/services/templateService.go:122.17,123.17 1 1
github.com/Ulbora/ulboracms/services/templateService.go:123.17,126.5 2 1
github.com/Ulbora/ulboracms/services/templateService.go:129.2,129.12 1 1
